{"D:\\FILES\\fws\\Challenge8\\backend\\app\\index.ts": {"path":"D:\\FILES\\fws\\Challenge8\\backend\\app\\index.ts","statementMap":{"0":{"start":{"line":1,"column":16},"end":{"line":1,"column":34}},"1":{"start":{"line":2,"column":13},"end":{"line":2,"column":28}},"2":{"start":{"line":4,"column":15},"end":{"line":4,"column":53}},"3":{"start":{"line":5,"column":18},"end":{"line":5,"column":55}},"4":{"start":{"line":6,"column":19},"end":{"line":6,"column":57}},"5":{"start":{"line":7,"column":17},"end":{"line":7,"column":61}},"6":{"start":{"line":9,"column":12},"end":{"line":9,"column":21}},"7":{"start":{"line":10,"column":21},"end":{"line":10,"column":25}},"8":{"start":{"line":12,"column":0},"end":{"line":12,"column":16}},"9":{"start":{"line":13,"column":0},"end":{"line":13,"column":34}},"10":{"start":{"line":14,"column":0},"end":{"line":14,"column":24}},"11":{"start":{"line":15,"column":0},"end":{"line":15,"column":30}},"12":{"start":{"line":16,"column":0},"end":{"line":16,"column":16}},"13":{"start":{"line":18,"column":0},"end":{"line":18,"column":31}},"14":{"start":{"line":19,"column":0},"end":{"line":19,"column":33}},"15":{"start":{"line":21,"column":15},"end":{"line":23,"column":2}},"16":{"start":{"line":22,"column":1},"end":{"line":22,"column":45}},"17":{"start":{"line":25,"column":0},"end":{"line":25,"column":24}}},"fnMap":{"0":{"name":"(anonymous_0)","decl":{"start":{"line":21,"column":32},"end":{"line":21,"column":35}},"loc":{"start":{"line":21,"column":37},"end":{"line":23,"column":1}}}},"branchMap":{},"s":{"0":2,"1":2,"2":2,"3":2,"4":2,"5":2,"6":2,"7":2,"8":2,"9":2,"10":2,"11":2,"12":2,"13":2,"14":2,"15":2,"16":0,"17":2},"f":{"0":0},"b":{}}
,"D:\\FILES\\fws\\Challenge8\\backend\\app\\controllers\\carControllers.ts": {"path":"D:\\FILES\\fws\\Challenge8\\backend\\app\\controllers\\carControllers.ts","statementMap":{"0":{"start":{"line":2,"column":0},"end":{"line":2,"column":43}},"1":{"start":{"line":4,"column":13},"end":{"line":4,"column":52}},"2":{"start":{"line":6,"column":16},"end":{"line":10,"column":2}},"3":{"start":{"line":6,"column":54},"end":{"line":10,"column":2}},"4":{"start":{"line":7,"column":16},"end":{"line":7,"column":48}},"5":{"start":{"line":9,"column":1},"end":{"line":9,"column":30}},"6":{"start":{"line":12,"column":20},"end":{"line":18,"column":2}},"7":{"start":{"line":12,"column":58},"end":{"line":18,"column":2}},"8":{"start":{"line":13,"column":12},"end":{"line":13,"column":33}},"9":{"start":{"line":15,"column":20},"end":{"line":15,"column":55}},"10":{"start":{"line":17,"column":1},"end":{"line":17,"column":34}},"11":{"start":{"line":20,"column":17},"end":{"line":44,"column":2}},"12":{"start":{"line":20,"column":55},"end":{"line":44,"column":2}},"13":{"start":{"line":21,"column":17},"end":{"line":21,"column":25}},"14":{"start":{"line":22,"column":12},"end":{"line":22,"column":16}},"15":{"start":{"line":23,"column":14},"end":{"line":23,"column":27}},"16":{"start":{"line":24,"column":14},"end":{"line":24,"column":27}},"17":{"start":{"line":25,"column":18},"end":{"line":25,"column":35}},"18":{"start":{"line":26,"column":22},"end":{"line":26,"column":43}},"19":{"start":{"line":27,"column":14},"end":{"line":27,"column":27}},"20":{"start":{"line":28,"column":15},"end":{"line":28,"column":29}},"21":{"start":{"line":29,"column":21},"end":{"line":29,"column":41}},"22":{"start":{"line":30,"column":20},"end":{"line":30,"column":39}},"23":{"start":{"line":31,"column":17},"end":{"line":31,"column":35}},"24":{"start":{"line":32,"column":21},"end":{"line":32,"column":41}},"25":{"start":{"line":34,"column":1},"end":{"line":43,"column":2}},"26":{"start":{"line":35,"column":14},"end":{"line":35,"column":45}},"27":{"start":{"line":36,"column":2},"end":{"line":36,"column":18}},"28":{"start":{"line":38,"column":18},"end":{"line":40,"column":4}},"29":{"start":{"line":42,"column":2},"end":{"line":42,"column":32}},"30":{"start":{"line":46,"column":16},"end":{"line":70,"column":2}},"31":{"start":{"line":46,"column":54},"end":{"line":70,"column":2}},"32":{"start":{"line":47,"column":17},"end":{"line":47,"column":25}},"33":{"start":{"line":48,"column":12},"end":{"line":48,"column":33}},"34":{"start":{"line":49,"column":14},"end":{"line":49,"column":27}},"35":{"start":{"line":50,"column":14},"end":{"line":50,"column":27}},"36":{"start":{"line":51,"column":18},"end":{"line":51,"column":35}},"37":{"start":{"line":52,"column":22},"end":{"line":52,"column":43}},"38":{"start":{"line":53,"column":14},"end":{"line":53,"column":27}},"39":{"start":{"line":54,"column":15},"end":{"line":54,"column":29}},"40":{"start":{"line":55,"column":21},"end":{"line":55,"column":41}},"41":{"start":{"line":56,"column":20},"end":{"line":56,"column":39}},"42":{"start":{"line":57,"column":17},"end":{"line":57,"column":35}},"43":{"start":{"line":58,"column":21},"end":{"line":58,"column":41}},"44":{"start":{"line":60,"column":1},"end":{"line":69,"column":2}},"45":{"start":{"line":61,"column":14},"end":{"line":61,"column":45}},"46":{"start":{"line":62,"column":2},"end":{"line":62,"column":18}},"47":{"start":{"line":64,"column":21},"end":{"line":66,"column":4}},"48":{"start":{"line":68,"column":2},"end":{"line":68,"column":35}},"49":{"start":{"line":72,"column":19},"end":{"line":80,"column":2}},"50":{"start":{"line":72,"column":57},"end":{"line":80,"column":2}},"51":{"start":{"line":73,"column":12},"end":{"line":73,"column":33}},"52":{"start":{"line":75,"column":20},"end":{"line":75,"column":58}},"53":{"start":{"line":77,"column":1},"end":{"line":79,"column":4}},"54":{"start":{"line":82,"column":0},"end":{"line":88,"column":2}}},"fnMap":{"0":{"name":"(anonymous_8)","decl":{"start":{"line":6,"column":16},"end":{"line":6,"column":23}},"loc":{"start":{"line":6,"column":54},"end":{"line":10,"column":2}}},"1":{"name":"(anonymous_9)","decl":{"start":{"line":6,"column":54},"end":{"line":6,"column":null}},"loc":{"start":{"line":6,"column":54},"end":{"line":10,"column":1}}},"2":{"name":"(anonymous_10)","decl":{"start":{"line":12,"column":20},"end":{"line":12,"column":27}},"loc":{"start":{"line":12,"column":58},"end":{"line":18,"column":2}}},"3":{"name":"(anonymous_11)","decl":{"start":{"line":12,"column":58},"end":{"line":12,"column":null}},"loc":{"start":{"line":12,"column":58},"end":{"line":18,"column":1}}},"4":{"name":"(anonymous_12)","decl":{"start":{"line":20,"column":17},"end":{"line":20,"column":24}},"loc":{"start":{"line":20,"column":55},"end":{"line":44,"column":2}}},"5":{"name":"(anonymous_13)","decl":{"start":{"line":20,"column":55},"end":{"line":20,"column":null}},"loc":{"start":{"line":20,"column":55},"end":{"line":44,"column":1}}},"6":{"name":"(anonymous_14)","decl":{"start":{"line":46,"column":16},"end":{"line":46,"column":23}},"loc":{"start":{"line":46,"column":54},"end":{"line":70,"column":2}}},"7":{"name":"(anonymous_15)","decl":{"start":{"line":46,"column":54},"end":{"line":46,"column":null}},"loc":{"start":{"line":46,"column":54},"end":{"line":70,"column":1}}},"8":{"name":"(anonymous_16)","decl":{"start":{"line":72,"column":19},"end":{"line":72,"column":26}},"loc":{"start":{"line":72,"column":57},"end":{"line":80,"column":2}}},"9":{"name":"(anonymous_17)","decl":{"start":{"line":72,"column":57},"end":{"line":72,"column":null}},"loc":{"start":{"line":72,"column":57},"end":{"line":80,"column":1}}}},"branchMap":{"0":{"loc":{"start":{"line":23,"column":14},"end":{"line":23,"column":27}},"type":"cond-expr","locations":[{"start":{"line":23,"column":21},"end":{"line":23,"column":23}},{"start":{"line":23,"column":14},"end":{"line":23,"column":27}}]},"1":{"loc":{"start":{"line":23,"column":14},"end":{"line":23,"column":23}},"type":"binary-expr","locations":[{"start":{"line":23,"column":14},"end":{"line":23,"column":23}},{"start":{"line":23,"column":14},"end":{"line":23,"column":23}}]},"2":{"loc":{"start":{"line":24,"column":14},"end":{"line":24,"column":27}},"type":"cond-expr","locations":[{"start":{"line":24,"column":21},"end":{"line":24,"column":23}},{"start":{"line":24,"column":14},"end":{"line":24,"column":27}}]},"3":{"loc":{"start":{"line":24,"column":14},"end":{"line":24,"column":23}},"type":"binary-expr","locations":[{"start":{"line":24,"column":14},"end":{"line":24,"column":23}},{"start":{"line":24,"column":14},"end":{"line":24,"column":23}}]},"4":{"loc":{"start":{"line":25,"column":18},"end":{"line":25,"column":35}},"type":"cond-expr","locations":[{"start":{"line":25,"column":25},"end":{"line":25,"column":27}},{"start":{"line":25,"column":18},"end":{"line":25,"column":35}}]},"5":{"loc":{"start":{"line":25,"column":18},"end":{"line":25,"column":27}},"type":"binary-expr","locations":[{"start":{"line":25,"column":18},"end":{"line":25,"column":27}},{"start":{"line":25,"column":18},"end":{"line":25,"column":27}}]},"6":{"loc":{"start":{"line":26,"column":22},"end":{"line":26,"column":43}},"type":"cond-expr","locations":[{"start":{"line":26,"column":29},"end":{"line":26,"column":31}},{"start":{"line":26,"column":22},"end":{"line":26,"column":43}}]},"7":{"loc":{"start":{"line":26,"column":22},"end":{"line":26,"column":31}},"type":"binary-expr","locations":[{"start":{"line":26,"column":22},"end":{"line":26,"column":31}},{"start":{"line":26,"column":22},"end":{"line":26,"column":31}}]},"8":{"loc":{"start":{"line":27,"column":14},"end":{"line":27,"column":27}},"type":"cond-expr","locations":[{"start":{"line":27,"column":21},"end":{"line":27,"column":23}},{"start":{"line":27,"column":14},"end":{"line":27,"column":27}}]},"9":{"loc":{"start":{"line":27,"column":14},"end":{"line":27,"column":23}},"type":"binary-expr","locations":[{"start":{"line":27,"column":14},"end":{"line":27,"column":23}},{"start":{"line":27,"column":14},"end":{"line":27,"column":23}}]},"10":{"loc":{"start":{"line":28,"column":15},"end":{"line":28,"column":29}},"type":"cond-expr","locations":[{"start":{"line":28,"column":22},"end":{"line":28,"column":24}},{"start":{"line":28,"column":15},"end":{"line":28,"column":29}}]},"11":{"loc":{"start":{"line":28,"column":15},"end":{"line":28,"column":24}},"type":"binary-expr","locations":[{"start":{"line":28,"column":15},"end":{"line":28,"column":24}},{"start":{"line":28,"column":15},"end":{"line":28,"column":24}}]},"12":{"loc":{"start":{"line":29,"column":21},"end":{"line":29,"column":41}},"type":"cond-expr","locations":[{"start":{"line":29,"column":28},"end":{"line":29,"column":30}},{"start":{"line":29,"column":21},"end":{"line":29,"column":41}}]},"13":{"loc":{"start":{"line":29,"column":21},"end":{"line":29,"column":30}},"type":"binary-expr","locations":[{"start":{"line":29,"column":21},"end":{"line":29,"column":30}},{"start":{"line":29,"column":21},"end":{"line":29,"column":30}}]},"14":{"loc":{"start":{"line":30,"column":20},"end":{"line":30,"column":39}},"type":"cond-expr","locations":[{"start":{"line":30,"column":27},"end":{"line":30,"column":29}},{"start":{"line":30,"column":20},"end":{"line":30,"column":39}}]},"15":{"loc":{"start":{"line":30,"column":20},"end":{"line":30,"column":29}},"type":"binary-expr","locations":[{"start":{"line":30,"column":20},"end":{"line":30,"column":29}},{"start":{"line":30,"column":20},"end":{"line":30,"column":29}}]},"16":{"loc":{"start":{"line":31,"column":17},"end":{"line":31,"column":35}},"type":"cond-expr","locations":[{"start":{"line":31,"column":24},"end":{"line":31,"column":26}},{"start":{"line":31,"column":17},"end":{"line":31,"column":35}}]},"17":{"loc":{"start":{"line":31,"column":17},"end":{"line":31,"column":26}},"type":"binary-expr","locations":[{"start":{"line":31,"column":17},"end":{"line":31,"column":26}},{"start":{"line":31,"column":17},"end":{"line":31,"column":26}}]},"18":{"loc":{"start":{"line":32,"column":21},"end":{"line":32,"column":41}},"type":"cond-expr","locations":[{"start":{"line":32,"column":28},"end":{"line":32,"column":30}},{"start":{"line":32,"column":21},"end":{"line":32,"column":41}}]},"19":{"loc":{"start":{"line":32,"column":21},"end":{"line":32,"column":30}},"type":"binary-expr","locations":[{"start":{"line":32,"column":21},"end":{"line":32,"column":30}},{"start":{"line":32,"column":21},"end":{"line":32,"column":30}}]},"20":{"loc":{"start":{"line":34,"column":1},"end":{"line":43,"column":2}},"type":"if","locations":[{"start":{"line":34,"column":1},"end":{"line":43,"column":2}}]},"21":{"loc":{"start":{"line":49,"column":14},"end":{"line":49,"column":27}},"type":"cond-expr","locations":[{"start":{"line":49,"column":21},"end":{"line":49,"column":23}},{"start":{"line":49,"column":14},"end":{"line":49,"column":27}}]},"22":{"loc":{"start":{"line":49,"column":14},"end":{"line":49,"column":23}},"type":"binary-expr","locations":[{"start":{"line":49,"column":14},"end":{"line":49,"column":23}},{"start":{"line":49,"column":14},"end":{"line":49,"column":23}}]},"23":{"loc":{"start":{"line":50,"column":14},"end":{"line":50,"column":27}},"type":"cond-expr","locations":[{"start":{"line":50,"column":21},"end":{"line":50,"column":23}},{"start":{"line":50,"column":14},"end":{"line":50,"column":27}}]},"24":{"loc":{"start":{"line":50,"column":14},"end":{"line":50,"column":23}},"type":"binary-expr","locations":[{"start":{"line":50,"column":14},"end":{"line":50,"column":23}},{"start":{"line":50,"column":14},"end":{"line":50,"column":23}}]},"25":{"loc":{"start":{"line":51,"column":18},"end":{"line":51,"column":35}},"type":"cond-expr","locations":[{"start":{"line":51,"column":25},"end":{"line":51,"column":27}},{"start":{"line":51,"column":18},"end":{"line":51,"column":35}}]},"26":{"loc":{"start":{"line":51,"column":18},"end":{"line":51,"column":27}},"type":"binary-expr","locations":[{"start":{"line":51,"column":18},"end":{"line":51,"column":27}},{"start":{"line":51,"column":18},"end":{"line":51,"column":27}}]},"27":{"loc":{"start":{"line":52,"column":22},"end":{"line":52,"column":43}},"type":"cond-expr","locations":[{"start":{"line":52,"column":29},"end":{"line":52,"column":31}},{"start":{"line":52,"column":22},"end":{"line":52,"column":43}}]},"28":{"loc":{"start":{"line":52,"column":22},"end":{"line":52,"column":31}},"type":"binary-expr","locations":[{"start":{"line":52,"column":22},"end":{"line":52,"column":31}},{"start":{"line":52,"column":22},"end":{"line":52,"column":31}}]},"29":{"loc":{"start":{"line":53,"column":14},"end":{"line":53,"column":27}},"type":"cond-expr","locations":[{"start":{"line":53,"column":21},"end":{"line":53,"column":23}},{"start":{"line":53,"column":14},"end":{"line":53,"column":27}}]},"30":{"loc":{"start":{"line":53,"column":14},"end":{"line":53,"column":23}},"type":"binary-expr","locations":[{"start":{"line":53,"column":14},"end":{"line":53,"column":23}},{"start":{"line":53,"column":14},"end":{"line":53,"column":23}}]},"31":{"loc":{"start":{"line":54,"column":15},"end":{"line":54,"column":29}},"type":"cond-expr","locations":[{"start":{"line":54,"column":22},"end":{"line":54,"column":24}},{"start":{"line":54,"column":15},"end":{"line":54,"column":29}}]},"32":{"loc":{"start":{"line":54,"column":15},"end":{"line":54,"column":24}},"type":"binary-expr","locations":[{"start":{"line":54,"column":15},"end":{"line":54,"column":24}},{"start":{"line":54,"column":15},"end":{"line":54,"column":24}}]},"33":{"loc":{"start":{"line":55,"column":21},"end":{"line":55,"column":41}},"type":"cond-expr","locations":[{"start":{"line":55,"column":28},"end":{"line":55,"column":30}},{"start":{"line":55,"column":21},"end":{"line":55,"column":41}}]},"34":{"loc":{"start":{"line":55,"column":21},"end":{"line":55,"column":30}},"type":"binary-expr","locations":[{"start":{"line":55,"column":21},"end":{"line":55,"column":30}},{"start":{"line":55,"column":21},"end":{"line":55,"column":30}}]},"35":{"loc":{"start":{"line":56,"column":20},"end":{"line":56,"column":39}},"type":"cond-expr","locations":[{"start":{"line":56,"column":27},"end":{"line":56,"column":29}},{"start":{"line":56,"column":20},"end":{"line":56,"column":39}}]},"36":{"loc":{"start":{"line":56,"column":20},"end":{"line":56,"column":29}},"type":"binary-expr","locations":[{"start":{"line":56,"column":20},"end":{"line":56,"column":29}},{"start":{"line":56,"column":20},"end":{"line":56,"column":29}}]},"37":{"loc":{"start":{"line":57,"column":17},"end":{"line":57,"column":35}},"type":"cond-expr","locations":[{"start":{"line":57,"column":24},"end":{"line":57,"column":26}},{"start":{"line":57,"column":17},"end":{"line":57,"column":35}}]},"38":{"loc":{"start":{"line":57,"column":17},"end":{"line":57,"column":26}},"type":"binary-expr","locations":[{"start":{"line":57,"column":17},"end":{"line":57,"column":26}},{"start":{"line":57,"column":17},"end":{"line":57,"column":26}}]},"39":{"loc":{"start":{"line":58,"column":21},"end":{"line":58,"column":41}},"type":"cond-expr","locations":[{"start":{"line":58,"column":28},"end":{"line":58,"column":30}},{"start":{"line":58,"column":21},"end":{"line":58,"column":41}}]},"40":{"loc":{"start":{"line":58,"column":21},"end":{"line":58,"column":30}},"type":"binary-expr","locations":[{"start":{"line":58,"column":21},"end":{"line":58,"column":30}},{"start":{"line":58,"column":21},"end":{"line":58,"column":30}}]},"41":{"loc":{"start":{"line":60,"column":1},"end":{"line":69,"column":2}},"type":"if","locations":[{"start":{"line":60,"column":1},"end":{"line":69,"column":2}}]}},"s":{"0":2,"1":2,"2":2,"3":0,"4":0,"5":0,"6":2,"7":0,"8":0,"9":0,"10":0,"11":2,"12":0,"13":0,"14":0,"15":0,"16":0,"17":0,"18":0,"19":0,"20":0,"21":0,"22":0,"23":0,"24":0,"25":0,"26":0,"27":0,"28":0,"29":0,"30":2,"31":0,"32":0,"33":0,"34":0,"35":0,"36":0,"37":0,"38":0,"39":0,"40":0,"41":0,"42":0,"43":0,"44":0,"45":0,"46":0,"47":0,"48":0,"49":2,"50":0,"51":0,"52":0,"53":0,"54":2},"f":{"0":0,"1":0,"2":0,"3":0,"4":0,"5":0,"6":0,"7":0,"8":0,"9":0},"b":{"0":[0,0],"1":[0,0],"2":[0,0],"3":[0,0],"4":[0,0],"5":[0,0],"6":[0,0],"7":[0,0],"8":[0,0],"9":[0,0],"10":[0,0],"11":[0,0],"12":[0,0],"13":[0,0],"14":[0,0],"15":[0,0],"16":[0,0],"17":[0,0],"18":[0,0],"19":[0,0],"20":[0],"21":[0,0],"22":[0,0],"23":[0,0],"24":[0,0],"25":[0,0],"26":[0,0],"27":[0,0],"28":[0,0],"29":[0,0],"30":[0,0],"31":[0,0],"32":[0,0],"33":[0,0],"34":[0,0],"35":[0,0],"36":[0,0],"37":[0,0],"38":[0,0],"39":[0,0],"40":[0,0],"41":[0]}}
,"D:\\FILES\\fws\\Challenge8\\backend\\app\\controllers\\userControllers.ts": {"path":"D:\\FILES\\fws\\Challenge8\\backend\\app\\controllers\\userControllers.ts","statementMap":{"0":{"start":{"line":2,"column":0},"end":{"line":2,"column":45}},"1":{"start":{"line":3,"column":0},"end":{"line":3,"column":47}},"2":{"start":{"line":4,"column":0},"end":{"line":4,"column":26}},"3":{"start":{"line":6,"column":20},"end":{"line":6,"column":67}},"4":{"start":{"line":7,"column":18},"end":{"line":7,"column":63}},"5":{"start":{"line":8,"column":20},"end":{"line":8,"column":67}},"6":{"start":{"line":10,"column":20},"end":{"line":22,"column":2}},"7":{"start":{"line":10,"column":58},"end":{"line":22,"column":2}},"8":{"start":{"line":11,"column":24},"end":{"line":11,"column":55}},"9":{"start":{"line":12,"column":17},"end":{"line":12,"column":63}},"10":{"start":{"line":13,"column":18},"end":{"line":15,"column":null}},"11":{"start":{"line":18,"column":1},"end":{"line":21,"column":4}},"12":{"start":{"line":24,"column":17},"end":{"line":41,"column":2}},"13":{"start":{"line":24,"column":55},"end":{"line":41,"column":2}},"14":{"start":{"line":25,"column":18},"end":{"line":25,"column":35}},"15":{"start":{"line":26,"column":15},"end":{"line":26,"column":29}},"16":{"start":{"line":27,"column":18},"end":{"line":27,"column":41}},"17":{"start":{"line":29,"column":27},"end":{"line":29,"column":54}},"18":{"start":{"line":31,"column":23},"end":{"line":35,"column":3}},"19":{"start":{"line":37,"column":1},"end":{"line":40,"column":4}},"20":{"start":{"line":43,"column":14},"end":{"line":76,"column":2}},"21":{"start":{"line":43,"column":52},"end":{"line":76,"column":2}},"22":{"start":{"line":44,"column":15},"end":{"line":44,"column":43}},"23":{"start":{"line":45,"column":18},"end":{"line":45,"column":41}},"24":{"start":{"line":47,"column":14},"end":{"line":47,"column":53}},"25":{"start":{"line":49,"column":1},"end":{"line":54,"column":2}},"26":{"start":{"line":50,"column":2},"end":{"line":53,"column":5}},"27":{"start":{"line":56,"column":19},"end":{"line":56,"column":59}},"28":{"start":{"line":58,"column":1},"end":{"line":64,"column":2}},"29":{"start":{"line":59,"column":2},"end":{"line":63,"column":5}},"30":{"start":{"line":66,"column":15},"end":{"line":69,"column":3}},"31":{"start":{"line":71,"column":1},"end":{"line":75,"column":4}},"32":{"start":{"line":78,"column":16},"end":{"line":80,"column":2}},"33":{"start":{"line":78,"column":54},"end":{"line":80,"column":2}},"34":{"start":{"line":79,"column":1},"end":{"line":79,"column":44}},"35":{"start":{"line":82,"column":18},"end":{"line":97,"column":2}},"36":{"start":{"line":82,"column":76},"end":{"line":97,"column":2}},"37":{"start":{"line":83,"column":1},"end":{"line":96,"column":2}},"38":{"start":{"line":84,"column":22},"end":{"line":84,"column":47}},"39":{"start":{"line":85,"column":16},"end":{"line":85,"column":56}},"40":{"start":{"line":86,"column":23},"end":{"line":86,"column":94}},"41":{"start":{"line":88,"column":2},"end":{"line":88,"column":68}},"42":{"start":{"line":90,"column":2},"end":{"line":90,"column":9}},"43":{"start":{"line":92,"column":2},"end":{"line":95,"column":5}},"44":{"start":{"line":99,"column":15},"end":{"line":115,"column":2}},"45":{"start":{"line":99,"column":53},"end":{"line":115,"column":2}},"46":{"start":{"line":100,"column":12},"end":{"line":100,"column":33}},"47":{"start":{"line":102,"column":20},"end":{"line":102,"column":59}},"48":{"start":{"line":104,"column":1},"end":{"line":107,"column":4}},"49":{"start":{"line":109,"column":1},"end":{"line":114,"column":2}},"50":{"start":{"line":110,"column":2},"end":{"line":113,"column":5}},"51":{"start":{"line":117,"column":0},"end":{"line":124,"column":2}}},"fnMap":{"0":{"name":"(anonymous_8)","decl":{"start":{"line":10,"column":20},"end":{"line":10,"column":27}},"loc":{"start":{"line":10,"column":58},"end":{"line":22,"column":2}}},"1":{"name":"(anonymous_9)","decl":{"start":{"line":10,"column":58},"end":{"line":10,"column":null}},"loc":{"start":{"line":10,"column":58},"end":{"line":22,"column":1}}},"2":{"name":"(anonymous_10)","decl":{"start":{"line":24,"column":17},"end":{"line":24,"column":24}},"loc":{"start":{"line":24,"column":55},"end":{"line":41,"column":2}}},"3":{"name":"(anonymous_11)","decl":{"start":{"line":24,"column":55},"end":{"line":24,"column":null}},"loc":{"start":{"line":24,"column":55},"end":{"line":41,"column":1}}},"4":{"name":"(anonymous_12)","decl":{"start":{"line":43,"column":14},"end":{"line":43,"column":21}},"loc":{"start":{"line":43,"column":52},"end":{"line":76,"column":2}}},"5":{"name":"(anonymous_13)","decl":{"start":{"line":43,"column":52},"end":{"line":43,"column":null}},"loc":{"start":{"line":43,"column":52},"end":{"line":76,"column":1}}},"6":{"name":"(anonymous_14)","decl":{"start":{"line":78,"column":16},"end":{"line":78,"column":23}},"loc":{"start":{"line":78,"column":54},"end":{"line":80,"column":2}}},"7":{"name":"(anonymous_15)","decl":{"start":{"line":78,"column":54},"end":{"line":78,"column":null}},"loc":{"start":{"line":78,"column":54},"end":{"line":80,"column":1}}},"8":{"name":"(anonymous_16)","decl":{"start":{"line":82,"column":18},"end":{"line":82,"column":25}},"loc":{"start":{"line":82,"column":76},"end":{"line":97,"column":2}}},"9":{"name":"(anonymous_17)","decl":{"start":{"line":82,"column":76},"end":{"line":82,"column":null}},"loc":{"start":{"line":82,"column":76},"end":{"line":97,"column":1}}},"10":{"name":"(anonymous_18)","decl":{"start":{"line":99,"column":15},"end":{"line":99,"column":22}},"loc":{"start":{"line":99,"column":53},"end":{"line":115,"column":2}}},"11":{"name":"(anonymous_19)","decl":{"start":{"line":99,"column":53},"end":{"line":99,"column":null}},"loc":{"start":{"line":99,"column":53},"end":{"line":115,"column":1}}}},"branchMap":{"0":{"loc":{"start":{"line":11,"column":24},"end":{"line":11,"column":55}},"type":"binary-expr","locations":[{"start":{"line":11,"column":24},"end":{"line":11,"column":49}},{"start":{"line":11,"column":53},"end":{"line":11,"column":55}}]},"1":{"loc":{"start":{"line":27,"column":18},"end":{"line":27,"column":41}},"type":"binary-expr","locations":[{"start":{"line":27,"column":18},"end":{"line":27,"column":35}},{"start":{"line":27,"column":39},"end":{"line":27,"column":41}}]},"2":{"loc":{"start":{"line":45,"column":18},"end":{"line":45,"column":41}},"type":"binary-expr","locations":[{"start":{"line":45,"column":18},"end":{"line":45,"column":35}},{"start":{"line":45,"column":39},"end":{"line":45,"column":41}}]},"3":{"loc":{"start":{"line":49,"column":1},"end":{"line":54,"column":2}},"type":"if","locations":[{"start":{"line":49,"column":1},"end":{"line":54,"column":2}}]},"4":{"loc":{"start":{"line":58,"column":1},"end":{"line":64,"column":2}},"type":"if","locations":[{"start":{"line":58,"column":1},"end":{"line":64,"column":2}}]},"5":{"loc":{"start":{"line":85,"column":16},"end":{"line":85,"column":56}},"type":"binary-expr","locations":[{"start":{"line":85,"column":16},"end":{"line":85,"column":50}},{"start":{"line":85,"column":54},"end":{"line":85,"column":56}}]},"6":{"loc":{"start":{"line":85,"column":16},"end":{"line":85,"column":50}},"type":"cond-expr","locations":[{"start":{"line":85,"column":45},"end":{"line":85,"column":48}},{"start":{"line":85,"column":45},"end":{"line":85,"column":50}}]},"7":{"loc":{"start":{"line":85,"column":16},"end":{"line":85,"column":48}},"type":"binary-expr","locations":[{"start":{"line":85,"column":16},"end":{"line":85,"column":48}},{"start":{"line":85,"column":45},"end":{"line":85,"column":48}}]},"8":{"loc":{"start":{"line":85,"column":16},"end":{"line":85,"column":45}},"type":"cond-expr","locations":[{"start":{"line":85,"column":27},"end":{"line":85,"column":29}},{"start":{"line":85,"column":16},"end":{"line":85,"column":45}}]},"9":{"loc":{"start":{"line":85,"column":16},"end":{"line":85,"column":29}},"type":"binary-expr","locations":[{"start":{"line":85,"column":16},"end":{"line":85,"column":29}},{"start":{"line":85,"column":16},"end":{"line":85,"column":29}}]},"10":{"loc":{"start":{"line":86,"column":41},"end":{"line":86,"column":79}},"type":"binary-expr","locations":[{"start":{"line":86,"column":41},"end":{"line":86,"column":66}},{"start":{"line":86,"column":70},"end":{"line":86,"column":79}}]},"11":{"loc":{"start":{"line":109,"column":1},"end":{"line":114,"column":2}},"type":"if","locations":[{"start":{"line":109,"column":1},"end":{"line":114,"column":2}}]}},"s":{"0":2,"1":2,"2":2,"3":2,"4":2,"5":2,"6":2,"7":0,"8":0,"9":0,"10":0,"11":0,"12":2,"13":0,"14":0,"15":0,"16":0,"17":0,"18":0,"19":0,"20":2,"21":0,"22":0,"23":0,"24":0,"25":0,"26":0,"27":0,"28":0,"29":0,"30":0,"31":0,"32":2,"33":0,"34":0,"35":2,"36":0,"37":0,"38":0,"39":0,"40":0,"41":0,"42":0,"43":0,"44":2,"45":0,"46":0,"47":0,"48":0,"49":0,"50":0,"51":2},"f":{"0":0,"1":0,"2":0,"3":0,"4":0,"5":0,"6":0,"7":0,"8":0,"9":0,"10":0,"11":0},"b":{"0":[0,0],"1":[0,0],"2":[0,0],"3":[0],"4":[0],"5":[0,0],"6":[0,0],"7":[0,0],"8":[0,0],"9":[0,0],"10":[0,0],"11":[0]}}
,"D:\\FILES\\fws\\Challenge8\\backend\\app\\models\\Cars.ts": {"path":"D:\\FILES\\fws\\Challenge8\\backend\\app\\models\\Cars.ts","statementMap":{"0":{"start":{"line":1,"column":0},"end":{"line":1,"column":47}},"1":{"start":{"line":17,"column":2},"end":{"line":17,"column":16}},"2":{"start":{"line":3,"column":0},"end":{"line":3,"column":13}}},"fnMap":{"0":{"name":"(anonymous_0)","decl":{"start":{"line":16,"column":1},"end":{"line":16,"column":7}},"loc":{"start":{"line":16,"column":21},"end":{"line":18,"column":2}}}},"branchMap":{},"s":{"0":2,"1":0,"2":2},"f":{"0":0},"b":{}}
,"D:\\FILES\\fws\\Challenge8\\backend\\app\\models\\Users.ts": {"path":"D:\\FILES\\fws\\Challenge8\\backend\\app\\models\\Users.ts","statementMap":{"0":{"start":{"line":1,"column":0},"end":{"line":1,"column":47}},"1":{"start":{"line":10,"column":2},"end":{"line":10,"column":17}},"2":{"start":{"line":3,"column":0},"end":{"line":3,"column":13}}},"fnMap":{"0":{"name":"(anonymous_0)","decl":{"start":{"line":9,"column":1},"end":{"line":9,"column":7}},"loc":{"start":{"line":9,"column":21},"end":{"line":11,"column":2}}}},"branchMap":{},"s":{"0":2,"1":0,"2":2},"f":{"0":0},"b":{}}
,"D:\\FILES\\fws\\Challenge8\\backend\\app\\repositories\\cars.ts": {"path":"D:\\FILES\\fws\\Challenge8\\backend\\app\\repositories\\cars.ts","statementMap":{"0":{"start":{"line":1,"column":0},"end":{"line":1,"column":43}},"1":{"start":{"line":6,"column":2},"end":{"line":6,"column":39}},"2":{"start":{"line":10,"column":2},"end":{"line":10,"column":67}},"3":{"start":{"line":14,"column":13},"end":{"line":14,"column":21}},"4":{"start":{"line":15,"column":15},"end":{"line":15,"column":25}},"5":{"start":{"line":16,"column":15},"end":{"line":16,"column":25}},"6":{"start":{"line":17,"column":19},"end":{"line":17,"column":33}},"7":{"start":{"line":18,"column":23},"end":{"line":18,"column":41}},"8":{"start":{"line":19,"column":15},"end":{"line":19,"column":25}},"9":{"start":{"line":20,"column":16},"end":{"line":20,"column":27}},"10":{"start":{"line":21,"column":22},"end":{"line":21,"column":39}},"11":{"start":{"line":22,"column":21},"end":{"line":22,"column":37}},"12":{"start":{"line":23,"column":20},"end":{"line":23,"column":35}},"13":{"start":{"line":24,"column":22},"end":{"line":24,"column":39}},"14":{"start":{"line":26,"column":2},"end":{"line":28,"column":19}},"15":{"start":{"line":32,"column":13},"end":{"line":32,"column":21}},"16":{"start":{"line":33,"column":15},"end":{"line":33,"column":25}},"17":{"start":{"line":34,"column":15},"end":{"line":34,"column":25}},"18":{"start":{"line":35,"column":19},"end":{"line":35,"column":33}},"19":{"start":{"line":36,"column":23},"end":{"line":36,"column":41}},"20":{"start":{"line":37,"column":15},"end":{"line":37,"column":25}},"21":{"start":{"line":38,"column":16},"end":{"line":38,"column":27}},"22":{"start":{"line":39,"column":22},"end":{"line":39,"column":39}},"23":{"start":{"line":40,"column":21},"end":{"line":40,"column":37}},"24":{"start":{"line":41,"column":20},"end":{"line":41,"column":35}},"25":{"start":{"line":42,"column":22},"end":{"line":42,"column":39}},"26":{"start":{"line":44,"column":2},"end":{"line":47,"column":19}},"27":{"start":{"line":51,"column":2},"end":{"line":51,"column":81}},"28":{"start":{"line":4,"column":0},"end":{"line":4,"column":21}}},"fnMap":{"0":{"name":"(anonymous_7)","decl":{"start":{"line":5,"column":7},"end":{"line":5,"column":13}},"loc":{"start":{"line":5,"column":13},"end":{"line":7,"column":null}}},"1":{"name":"(anonymous_9)","decl":{"start":{"line":9,"column":7},"end":{"line":9,"column":14}},"loc":{"start":{"line":9,"column":25},"end":{"line":11,"column":null}}},"2":{"name":"(anonymous_11)","decl":{"start":{"line":13,"column":7},"end":{"line":13,"column":17}},"loc":{"start":{"line":13,"column":29},"end":{"line":29,"column":null}}},"3":{"name":"(anonymous_13)","decl":{"start":{"line":31,"column":7},"end":{"line":31,"column":17}},"loc":{"start":{"line":31,"column":29},"end":{"line":48,"column":null}}},"4":{"name":"(anonymous_15)","decl":{"start":{"line":50,"column":7},"end":{"line":50,"column":17}},"loc":{"start":{"line":50,"column":28},"end":{"line":52,"column":null}}}},"branchMap":{"0":{"loc":{"start":{"line":6,"column":9},"end":{"line":6,"column":38}},"type":"binary-expr","locations":[{"start":{"line":6,"column":9},"end":{"line":6,"column":32}},{"start":{"line":6,"column":36},"end":{"line":6,"column":38}}]}},"s":{"0":2,"1":0,"2":0,"3":0,"4":0,"5":0,"6":0,"7":0,"8":0,"9":0,"10":0,"11":0,"12":0,"13":0,"14":0,"15":0,"16":0,"17":0,"18":0,"19":0,"20":0,"21":0,"22":0,"23":0,"24":0,"25":0,"26":0,"27":0,"28":2},"f":{"0":0,"1":0,"2":0,"3":0,"4":0},"b":{"0":[0,0]}}
,"D:\\FILES\\fws\\Challenge8\\backend\\app\\repositories\\users.ts": {"path":"D:\\FILES\\fws\\Challenge8\\backend\\app\\repositories\\users.ts","statementMap":{"0":{"start":{"line":1,"column":0},"end":{"line":1,"column":45}},"1":{"start":{"line":6,"column":19},"end":{"line":6,"column":33}},"2":{"start":{"line":7,"column":16},"end":{"line":7,"column":27}},"3":{"start":{"line":8,"column":19},"end":{"line":8,"column":33}},"4":{"start":{"line":10,"column":2},"end":{"line":10,"column":85}},"5":{"start":{"line":14,"column":2},"end":{"line":14,"column":66}},"6":{"start":{"line":18,"column":2},"end":{"line":18,"column":65}},"7":{"start":{"line":22,"column":2},"end":{"line":22,"column":82}},"8":{"start":{"line":4,"column":0},"end":{"line":4,"column":21}}},"fnMap":{"0":{"name":"(anonymous_7)","decl":{"start":{"line":5,"column":7},"end":{"line":5,"column":15}},"loc":{"start":{"line":5,"column":30},"end":{"line":11,"column":null}}},"1":{"name":"(anonymous_9)","decl":{"start":{"line":13,"column":7},"end":{"line":13,"column":14}},"loc":{"start":{"line":13,"column":28},"end":{"line":15,"column":null}}},"2":{"name":"(anonymous_11)","decl":{"start":{"line":17,"column":7},"end":{"line":17,"column":14}},"loc":{"start":{"line":17,"column":37},"end":{"line":19,"column":null}}},"3":{"name":"(anonymous_13)","decl":{"start":{"line":21,"column":7},"end":{"line":21,"column":17}},"loc":{"start":{"line":21,"column":28},"end":{"line":23,"column":null}}}},"branchMap":{},"s":{"0":2,"1":0,"2":0,"3":0,"4":0,"5":0,"6":0,"7":0,"8":2},"f":{"0":0,"1":0,"2":0,"3":0},"b":{}}
,"D:\\FILES\\fws\\Challenge8\\backend\\app\\services\\cars.ts": {"path":"D:\\FILES\\fws\\Challenge8\\backend\\app\\services\\cars.ts","statementMap":{"0":{"start":{"line":1,"column":0},"end":{"line":1,"column":50}},"1":{"start":{"line":5,"column":1},"end":{"line":5,"column":33}},"2":{"start":{"line":8,"column":2},"end":{"line":8,"column":46}},"3":{"start":{"line":12,"column":2},"end":{"line":12,"column":45}},"4":{"start":{"line":16,"column":2},"end":{"line":16,"column":48}},"5":{"start":{"line":20,"column":2},"end":{"line":20,"column":54}},"6":{"start":{"line":24,"column":2},"end":{"line":24,"column":54}},"7":{"start":{"line":28,"column":2},"end":{"line":28,"column":51}},"8":{"start":{"line":4,"column":21},"end":{"line":4,"column":null}}},"fnMap":{"0":{"name":"(anonymous_10)","decl":{"start":{"line":7,"column":1},"end":{"line":7,"column":null}},"loc":{"start":{"line":7,"column":1},"end":{"line":9,"column":2}}},"1":{"name":"(anonymous_11)","decl":{"start":{"line":11,"column":7},"end":{"line":11,"column":13}},"loc":{"start":{"line":11,"column":13},"end":{"line":13,"column":null}}},"2":{"name":"(anonymous_13)","decl":{"start":{"line":15,"column":7},"end":{"line":15,"column":14}},"loc":{"start":{"line":15,"column":25},"end":{"line":17,"column":null}}},"3":{"name":"(anonymous_15)","decl":{"start":{"line":19,"column":7},"end":{"line":19,"column":17}},"loc":{"start":{"line":19,"column":29},"end":{"line":21,"column":null}}},"4":{"name":"(anonymous_17)","decl":{"start":{"line":23,"column":7},"end":{"line":23,"column":17}},"loc":{"start":{"line":23,"column":29},"end":{"line":25,"column":null}}},"5":{"name":"(anonymous_19)","decl":{"start":{"line":27,"column":7},"end":{"line":27,"column":17}},"loc":{"start":{"line":27,"column":28},"end":{"line":29,"column":null}}}},"branchMap":{},"s":{"0":2,"1":0,"2":0,"3":0,"4":0,"5":0,"6":0,"7":0,"8":2},"f":{"0":0,"1":0,"2":0,"3":0,"4":0,"5":0},"b":{}}
,"D:\\FILES\\fws\\Challenge8\\backend\\app\\services\\users.ts": {"path":"D:\\FILES\\fws\\Challenge8\\backend\\app\\services\\users.ts","statementMap":{"0":{"start":{"line":1,"column":0},"end":{"line":1,"column":52}},"1":{"start":{"line":5,"column":1},"end":{"line":5,"column":35}},"2":{"start":{"line":8,"column":2},"end":{"line":8,"column":48}},"3":{"start":{"line":12,"column":2},"end":{"line":12,"column":53}},"4":{"start":{"line":16,"column":2},"end":{"line":16,"column":52}},"5":{"start":{"line":20,"column":2},"end":{"line":20,"column":52}},"6":{"start":{"line":24,"column":2},"end":{"line":24,"column":52}},"7":{"start":{"line":4,"column":21},"end":{"line":4,"column":null}}},"fnMap":{"0":{"name":"(anonymous_10)","decl":{"start":{"line":7,"column":1},"end":{"line":7,"column":null}},"loc":{"start":{"line":7,"column":1},"end":{"line":9,"column":2}}},"1":{"name":"(anonymous_11)","decl":{"start":{"line":11,"column":7},"end":{"line":11,"column":15}},"loc":{"start":{"line":11,"column":30},"end":{"line":13,"column":null}}},"2":{"name":"(anonymous_13)","decl":{"start":{"line":15,"column":7},"end":{"line":15,"column":14}},"loc":{"start":{"line":15,"column":28},"end":{"line":17,"column":null}}},"3":{"name":"(anonymous_15)","decl":{"start":{"line":19,"column":7},"end":{"line":19,"column":14}},"loc":{"start":{"line":19,"column":37},"end":{"line":21,"column":null}}},"4":{"name":"(anonymous_17)","decl":{"start":{"line":23,"column":7},"end":{"line":23,"column":17}},"loc":{"start":{"line":23,"column":28},"end":{"line":25,"column":null}}}},"branchMap":{},"s":{"0":2,"1":0,"2":0,"3":0,"4":0,"5":0,"6":0,"7":2},"f":{"0":0,"1":0,"2":0,"3":0,"4":0},"b":{}}
,"D:\\FILES\\fws\\Challenge8\\backend\\config\\middleware\\handle.ts": {"path":"D:\\FILES\\fws\\Challenge8\\backend\\config\\middleware\\handle.ts","statementMap":{"0":{"start":{"line":3,"column":21},"end":{"line":6,"column":1}},"1":{"start":{"line":4,"column":1},"end":{"line":4,"column":80}},"2":{"start":{"line":5,"column":1},"end":{"line":5,"column":8}},"3":{"start":{"line":8,"column":0},"end":{"line":8,"column":30}}},"fnMap":{"0":{"name":"(anonymous_0)","decl":{"start":{"line":3,"column":21},"end":{"line":3,"column":22}},"loc":{"start":{"line":3,"column":73},"end":{"line":6,"column":1}}}},"branchMap":{},"s":{"0":2,"1":0,"2":0,"3":2},"f":{"0":0},"b":{}}
,"D:\\FILES\\fws\\Challenge8\\backend\\config\\middleware\\upload.ts": {"path":"D:\\FILES\\fws\\Challenge8\\backend\\config\\middleware\\upload.ts","statementMap":{"0":{"start":{"line":4,"column":15},"end":{"line":4,"column":32}},"1":{"start":{"line":5,"column":13},"end":{"line":5,"column":28}},"2":{"start":{"line":7,"column":18},"end":{"line":7,"column":54}},"3":{"start":{"line":8,"column":18},"end":{"line":8,"column":49}},"4":{"start":{"line":10,"column":16},"end":{"line":19,"column":2}},"5":{"start":{"line":12,"column":2},"end":{"line":12,"column":22}},"6":{"start":{"line":16,"column":21},"end":{"line":16,"column":71}},"7":{"start":{"line":17,"column":2},"end":{"line":17,"column":80}},"8":{"start":{"line":21,"column":0},"end":{"line":21,"column":44}}},"fnMap":{"0":{"name":"(anonymous_0)","decl":{"start":{"line":11,"column":14},"end":{"line":11,"column":15}},"loc":{"start":{"line":11,"column":51},"end":{"line":13,"column":2}}},"1":{"name":"(anonymous_1)","decl":{"start":{"line":15,"column":11},"end":{"line":15,"column":12}},"loc":{"start":{"line":15,"column":48},"end":{"line":18,"column":2}}}},"branchMap":{},"s":{"0":2,"1":2,"2":2,"3":2,"4":2,"5":0,"6":0,"7":0,"8":2},"f":{"0":0,"1":0},"b":{}}
,"D:\\FILES\\fws\\Challenge8\\backend\\config\\middleware\\uuid.ts": {"path":"D:\\FILES\\fws\\Challenge8\\backend\\config\\middleware\\uuid.ts","statementMap":{"0":{"start":{"line":1,"column":13},"end":{"line":1,"column":32}},"1":{"start":{"line":3,"column":11},"end":{"line":3,"column":12}},"2":{"start":{"line":4,"column":18},"end":{"line":4,"column":26}},"3":{"start":{"line":5,"column":13},"end":{"line":5,"column":29}},"4":{"start":{"line":7,"column":0},"end":{"line":7,"column":22}}},"fnMap":{},"branchMap":{},"s":{"0":2,"1":2,"2":2,"3":2,"4":2},"f":{},"b":{}}
,"D:\\FILES\\fws\\Challenge8\\backend\\config\\routes\\carRoutes.ts": {"path":"D:\\FILES\\fws\\Challenge8\\backend\\config\\routes\\carRoutes.ts","statementMap":{"0":{"start":{"line":1,"column":0},"end":{"line":1,"column":30}},"1":{"start":{"line":3,"column":15},"end":{"line":3,"column":31}},"2":{"start":{"line":4,"column":20},"end":{"line":4,"column":67}},"3":{"start":{"line":5,"column":15},"end":{"line":5,"column":56}},"4":{"start":{"line":7,"column":0},"end":{"line":7,"column":37}},"5":{"start":{"line":8,"column":0},"end":{"line":8,"column":44}},"6":{"start":{"line":9,"column":0},"end":{"line":9,"column":73}},"7":{"start":{"line":10,"column":0},"end":{"line":10,"column":75}},"8":{"start":{"line":11,"column":0},"end":{"line":11,"column":53}},"9":{"start":{"line":13,"column":0},"end":{"line":13,"column":24}}},"fnMap":{},"branchMap":{},"s":{"0":2,"1":2,"2":2,"3":2,"4":2,"5":2,"6":2,"7":2,"8":2,"9":2},"f":{},"b":{}}
,"D:\\FILES\\fws\\Challenge8\\backend\\config\\routes\\userRoutes.ts": {"path":"D:\\FILES\\fws\\Challenge8\\backend\\config\\routes\\userRoutes.ts","statementMap":{"0":{"start":{"line":1,"column":0},"end":{"line":1,"column":30}},"1":{"start":{"line":3,"column":15},"end":{"line":3,"column":31}},"2":{"start":{"line":4,"column":20},"end":{"line":4,"column":68}},"3":{"start":{"line":6,"column":0},"end":{"line":6,"column":47}},"4":{"start":{"line":7,"column":0},"end":{"line":7,"column":41}},"5":{"start":{"line":8,"column":0},"end":{"line":8,"column":53}},"6":{"start":{"line":9,"column":0},"end":{"line":9,"column":67}},"7":{"start":{"line":10,"column":0},"end":{"line":10,"column":49}},"8":{"start":{"line":12,"column":0},"end":{"line":12,"column":24}}},"fnMap":{},"branchMap":{},"s":{"0":2,"1":2,"2":2,"3":2,"4":2,"5":2,"6":2,"7":2,"8":2},"f":{},"b":{}}
,"D:\\FILES\\fws\\Challenge8\\backend\\config\\utils\\database\\database.ts": {"path":"D:\\FILES\\fws\\Challenge8\\backend\\config\\utils\\database\\database.ts","statementMap":{"0":{"start":{"line":1,"column":13},"end":{"line":1,"column":28}},"1":{"start":{"line":2,"column":18},"end":{"line":2,"column":38}},"2":{"start":{"line":4,"column":21},"end":{"line":11,"column":2}},"3":{"start":{"line":13,"column":18},"end":{"line":13,"column":42}},"4":{"start":{"line":15,"column":0},"end":{"line":15,"column":27}}},"fnMap":{},"branchMap":{},"s":{"0":2,"1":2,"2":2,"3":2,"4":2},"f":{},"b":{}}
,"D:\\FILES\\fws\\Challenge8\\backend\\config\\utils\\tools\\checkPass.ts": {"path":"D:\\FILES\\fws\\Challenge8\\backend\\config\\utils\\tools\\checkPass.ts","statementMap":{"0":{"start":{"line":1,"column":0},"end":{"line":1,"column":30}},"1":{"start":{"line":17,"column":0},"end":{"line":17,"column":31}}},"fnMap":{"0":{"name":"checkPassword","decl":{"start":{"line":3,"column":9},"end":{"line":3,"column":22}},"loc":{"start":{"line":3,"column":58},"end":{"line":15,"column":1}}}},"branchMap":{},"s":{"0":2,"1":2},"f":{"0":0},"b":{}}
,"D:\\FILES\\fws\\Challenge8\\backend\\config\\utils\\tools\\createToken.ts": {"path":"D:\\FILES\\fws\\Challenge8\\backend\\config\\utils\\tools\\createToken.ts","statementMap":{"0":{"start":{"line":1,"column":0},"end":{"line":1,"column":31}},"1":{"start":{"line":4,"column":20},"end":{"line":7,"column":1}},"2":{"start":{"line":9,"column":0},"end":{"line":9,"column":29}}},"fnMap":{"0":{"name":"(anonymous_1)","decl":{"start":{"line":4,"column":20},"end":{"line":4,"column":21}},"loc":{"start":{"line":4,"column":39},"end":{"line":7,"column":1}}}},"branchMap":{},"s":{"0":2,"1":2,"2":2},"f":{"0":0},"b":{}}
,"D:\\FILES\\fws\\Challenge8\\backend\\config\\utils\\tools\\encryptPass.ts": {"path":"D:\\FILES\\fws\\Challenge8\\backend\\config\\utils\\tools\\encryptPass.ts","statementMap":{"0":{"start":{"line":1,"column":0},"end":{"line":1,"column":30}},"1":{"start":{"line":3,"column":13},"end":{"line":3,"column":15}},"2":{"start":{"line":19,"column":0},"end":{"line":19,"column":33}}},"fnMap":{"0":{"name":"encryptPassword","decl":{"start":{"line":5,"column":9},"end":{"line":5,"column":24}},"loc":{"start":{"line":5,"column":37},"end":{"line":17,"column":1}}}},"branchMap":{},"s":{"0":2,"1":2,"2":2},"f":{"0":0},"b":{}}
,"D:\\FILES\\fws\\Challenge8\\backend\\test\\cars\\mockData.ts": {"path":"D:\\FILES\\fws\\Challenge8\\backend\\test\\cars\\mockData.ts","statementMap":{"0":{"start":{"line":1,"column":13},"end":{"line":13,"column":2}}},"fnMap":{},"branchMap":{},"s":{"0":1},"f":{},"b":{}}
}
