TN:
SF:app\index.ts
FN:21,(anonymous_0)
FNF:1
FNH:0
FNDA:0,(anonymous_0)
DA:1,2
DA:2,2
DA:4,2
DA:5,2
DA:6,2
DA:7,2
DA:9,2
DA:10,2
DA:12,2
DA:13,2
DA:14,2
DA:15,2
DA:16,2
DA:18,2
DA:19,2
DA:21,2
DA:22,0
DA:25,2
LF:18
LH:17
BRF:0
BRH:0
end_of_record
TN:
SF:app\controllers\carControllers.ts
FN:6,(anonymous_8)
FN:6,(anonymous_9)
FN:12,(anonymous_10)
FN:12,(anonymous_11)
FN:20,(anonymous_12)
FN:20,(anonymous_13)
FN:46,(anonymous_14)
FN:46,(anonymous_15)
FN:72,(anonymous_16)
FN:72,(anonymous_17)
FNF:10
FNH:0
FNDA:0,(anonymous_8)
FNDA:0,(anonymous_9)
FNDA:0,(anonymous_10)
FNDA:0,(anonymous_11)
FNDA:0,(anonymous_12)
FNDA:0,(anonymous_13)
FNDA:0,(anonymous_14)
FNDA:0,(anonymous_15)
FNDA:0,(anonymous_16)
FNDA:0,(anonymous_17)
DA:2,2
DA:4,2
DA:6,2
DA:7,0
DA:9,0
DA:12,2
DA:13,0
DA:15,0
DA:17,0
DA:20,2
DA:21,0
DA:22,0
DA:23,0
DA:24,0
DA:25,0
DA:26,0
DA:27,0
DA:28,0
DA:29,0
DA:30,0
DA:31,0
DA:32,0
DA:34,0
DA:35,0
DA:36,0
DA:38,0
DA:42,0
DA:46,2
DA:47,0
DA:48,0
DA:49,0
DA:50,0
DA:51,0
DA:52,0
DA:53,0
DA:54,0
DA:55,0
DA:56,0
DA:57,0
DA:58,0
DA:60,0
DA:61,0
DA:62,0
DA:64,0
DA:68,0
DA:72,2
DA:73,0
DA:75,0
DA:77,0
DA:82,2
LF:50
LH:8
BRDA:23,0,0,0
BRDA:23,0,1,0
BRDA:23,1,0,0
BRDA:23,1,1,0
BRDA:24,2,0,0
BRDA:24,2,1,0
BRDA:24,3,0,0
BRDA:24,3,1,0
BRDA:25,4,0,0
BRDA:25,4,1,0
BRDA:25,5,0,0
BRDA:25,5,1,0
BRDA:26,6,0,0
BRDA:26,6,1,0
BRDA:26,7,0,0
BRDA:26,7,1,0
BRDA:27,8,0,0
BRDA:27,8,1,0
BRDA:27,9,0,0
BRDA:27,9,1,0
BRDA:28,10,0,0
BRDA:28,10,1,0
BRDA:28,11,0,0
BRDA:28,11,1,0
BRDA:29,12,0,0
BRDA:29,12,1,0
BRDA:29,13,0,0
BRDA:29,13,1,0
BRDA:30,14,0,0
BRDA:30,14,1,0
BRDA:30,15,0,0
BRDA:30,15,1,0
BRDA:31,16,0,0
BRDA:31,16,1,0
BRDA:31,17,0,0
BRDA:31,17,1,0
BRDA:32,18,0,0
BRDA:32,18,1,0
BRDA:32,19,0,0
BRDA:32,19,1,0
BRDA:34,20,0,0
BRDA:49,21,0,0
BRDA:49,21,1,0
BRDA:49,22,0,0
BRDA:49,22,1,0
BRDA:50,23,0,0
BRDA:50,23,1,0
BRDA:50,24,0,0
BRDA:50,24,1,0
BRDA:51,25,0,0
BRDA:51,25,1,0
BRDA:51,26,0,0
BRDA:51,26,1,0
BRDA:52,27,0,0
BRDA:52,27,1,0
BRDA:52,28,0,0
BRDA:52,28,1,0
BRDA:53,29,0,0
BRDA:53,29,1,0
BRDA:53,30,0,0
BRDA:53,30,1,0
BRDA:54,31,0,0
BRDA:54,31,1,0
BRDA:54,32,0,0
BRDA:54,32,1,0
BRDA:55,33,0,0
BRDA:55,33,1,0
BRDA:55,34,0,0
BRDA:55,34,1,0
BRDA:56,35,0,0
BRDA:56,35,1,0
BRDA:56,36,0,0
BRDA:56,36,1,0
BRDA:57,37,0,0
BRDA:57,37,1,0
BRDA:57,38,0,0
BRDA:57,38,1,0
BRDA:58,39,0,0
BRDA:58,39,1,0
BRDA:58,40,0,0
BRDA:58,40,1,0
BRDA:60,41,0,0
BRF:82
BRH:0
end_of_record
TN:
SF:app\controllers\userControllers.ts
FN:10,(anonymous_8)
FN:10,(anonymous_9)
FN:24,(anonymous_10)
FN:24,(anonymous_11)
FN:43,(anonymous_12)
FN:43,(anonymous_13)
FN:78,(anonymous_14)
FN:78,(anonymous_15)
FN:82,(anonymous_16)
FN:82,(anonymous_17)
FN:99,(anonymous_18)
FN:99,(anonymous_19)
FNF:12
FNH:0
FNDA:0,(anonymous_8)
FNDA:0,(anonymous_9)
FNDA:0,(anonymous_10)
FNDA:0,(anonymous_11)
FNDA:0,(anonymous_12)
FNDA:0,(anonymous_13)
FNDA:0,(anonymous_14)
FNDA:0,(anonymous_15)
FNDA:0,(anonymous_16)
FNDA:0,(anonymous_17)
FNDA:0,(anonymous_18)
FNDA:0,(anonymous_19)
DA:2,2
DA:3,2
DA:4,2
DA:6,2
DA:7,2
DA:8,2
DA:10,2
DA:11,0
DA:12,0
DA:13,0
DA:18,0
DA:24,2
DA:25,0
DA:26,0
DA:27,0
DA:29,0
DA:31,0
DA:37,0
DA:43,2
DA:44,0
DA:45,0
DA:47,0
DA:49,0
DA:50,0
DA:56,0
DA:58,0
DA:59,0
DA:66,0
DA:71,0
DA:78,2
DA:79,0
DA:82,2
DA:83,0
DA:84,0
DA:85,0
DA:86,0
DA:88,0
DA:90,0
DA:92,0
DA:99,2
DA:100,0
DA:102,0
DA:104,0
DA:109,0
DA:110,0
DA:117,2
LF:46
LH:13
BRDA:11,0,0,0
BRDA:11,0,1,0
BRDA:27,1,0,0
BRDA:27,1,1,0
BRDA:45,2,0,0
BRDA:45,2,1,0
BRDA:49,3,0,0
BRDA:58,4,0,0
BRDA:85,5,0,0
BRDA:85,5,1,0
BRDA:85,6,0,0
BRDA:85,6,1,0
BRDA:85,7,0,0
BRDA:85,7,1,0
BRDA:85,8,0,0
BRDA:85,8,1,0
BRDA:85,9,0,0
BRDA:85,9,1,0
BRDA:86,10,0,0
BRDA:86,10,1,0
BRDA:109,11,0,0
BRF:21
BRH:0
end_of_record
TN:
SF:app\models\Cars.ts
FN:16,(anonymous_0)
FNF:1
FNH:0
FNDA:0,(anonymous_0)
DA:1,2
DA:3,2
DA:17,0
LF:3
LH:2
BRF:0
BRH:0
end_of_record
TN:
SF:app\models\Users.ts
FN:9,(anonymous_0)
FNF:1
FNH:0
FNDA:0,(anonymous_0)
DA:1,2
DA:3,2
DA:10,0
LF:3
LH:2
BRF:0
BRH:0
end_of_record
TN:
SF:app\repositories\cars.ts
FN:5,(anonymous_7)
FN:9,(anonymous_9)
FN:13,(anonymous_11)
FN:31,(anonymous_13)
FN:50,(anonymous_15)
FNF:5
FNH:0
FNDA:0,(anonymous_7)
FNDA:0,(anonymous_9)
FNDA:0,(anonymous_11)
FNDA:0,(anonymous_13)
FNDA:0,(anonymous_15)
DA:1,2
DA:4,2
DA:6,0
DA:10,0
DA:14,0
DA:15,0
DA:16,0
DA:17,0
DA:18,0
DA:19,0
DA:20,0
DA:21,0
DA:22,0
DA:23,0
DA:24,0
DA:26,0
DA:32,0
DA:33,0
DA:34,0
DA:35,0
DA:36,0
DA:37,0
DA:38,0
DA:39,0
DA:40,0
DA:41,0
DA:42,0
DA:44,0
DA:51,0
LF:29
LH:2
BRDA:6,0,0,0
BRDA:6,0,1,0
BRF:2
BRH:0
end_of_record
TN:
SF:app\repositories\users.ts
FN:5,(anonymous_7)
FN:13,(anonymous_9)
FN:17,(anonymous_11)
FN:21,(anonymous_13)
FNF:4
FNH:0
FNDA:0,(anonymous_7)
FNDA:0,(anonymous_9)
FNDA:0,(anonymous_11)
FNDA:0,(anonymous_13)
DA:1,2
DA:4,2
DA:6,0
DA:7,0
DA:8,0
DA:10,0
DA:14,0
DA:18,0
DA:22,0
LF:9
LH:2
BRF:0
BRH:0
end_of_record
TN:
SF:app\services\cars.ts
FN:7,(anonymous_10)
FN:11,(anonymous_11)
FN:15,(anonymous_13)
FN:19,(anonymous_15)
FN:23,(anonymous_17)
FN:27,(anonymous_19)
FNF:6
FNH:0
FNDA:0,(anonymous_10)
FNDA:0,(anonymous_11)
FNDA:0,(anonymous_13)
FNDA:0,(anonymous_15)
FNDA:0,(anonymous_17)
FNDA:0,(anonymous_19)
DA:1,2
DA:4,2
DA:5,0
DA:8,0
DA:12,0
DA:16,0
DA:20,0
DA:24,0
DA:28,0
LF:9
LH:2
BRF:0
BRH:0
end_of_record
TN:
SF:app\services\users.ts
FN:7,(anonymous_10)
FN:11,(anonymous_11)
FN:15,(anonymous_13)
FN:19,(anonymous_15)
FN:23,(anonymous_17)
FNF:5
FNH:0
FNDA:0,(anonymous_10)
FNDA:0,(anonymous_11)
FNDA:0,(anonymous_13)
FNDA:0,(anonymous_15)
FNDA:0,(anonymous_17)
DA:1,2
DA:4,2
DA:5,0
DA:8,0
DA:12,0
DA:16,0
DA:20,0
DA:24,0
LF:8
LH:2
BRF:0
BRH:0
end_of_record
TN:
SF:config\middleware\handle.ts
FN:3,(anonymous_0)
FNF:1
FNH:0
FNDA:0,(anonymous_0)
DA:3,2
DA:4,0
DA:5,0
DA:8,2
LF:4
LH:2
BRF:0
BRH:0
end_of_record
TN:
SF:config\middleware\upload.ts
FN:11,(anonymous_0)
FN:15,(anonymous_1)
FNF:2
FNH:0
FNDA:0,(anonymous_0)
FNDA:0,(anonymous_1)
DA:4,2
DA:5,2
DA:7,2
DA:8,2
DA:10,2
DA:12,0
DA:16,0
DA:17,0
DA:21,2
LF:9
LH:6
BRF:0
BRH:0
end_of_record
TN:
SF:config\middleware\uuid.ts
FNF:0
FNH:0
DA:1,2
DA:3,2
DA:4,2
DA:5,2
DA:7,2
LF:5
LH:5
BRF:0
BRH:0
end_of_record
TN:
SF:config\routes\carRoutes.ts
FNF:0
FNH:0
DA:1,2
DA:3,2
DA:4,2
DA:5,2
DA:7,2
DA:8,2
DA:9,2
DA:10,2
DA:11,2
DA:13,2
LF:10
LH:10
BRF:0
BRH:0
end_of_record
TN:
SF:config\routes\userRoutes.ts
FNF:0
FNH:0
DA:1,2
DA:3,2
DA:4,2
DA:6,2
DA:7,2
DA:8,2
DA:9,2
DA:10,2
DA:12,2
LF:9
LH:9
BRF:0
BRH:0
end_of_record
TN:
SF:config\utils\database\database.ts
FNF:0
FNH:0
DA:1,2
DA:2,2
DA:4,2
DA:13,2
DA:15,2
LF:5
LH:5
BRF:0
BRH:0
end_of_record
TN:
SF:config\utils\tools\checkPass.ts
FN:3,checkPassword
FNF:1
FNH:0
FNDA:0,checkPassword
DA:1,2
DA:17,2
LF:2
LH:2
BRF:0
BRH:0
end_of_record
TN:
SF:config\utils\tools\createToken.ts
FN:4,(anonymous_1)
FNF:1
FNH:0
FNDA:0,(anonymous_1)
DA:1,2
DA:4,2
DA:9,2
LF:3
LH:3
BRF:0
BRH:0
end_of_record
TN:
SF:config\utils\tools\encryptPass.ts
FN:5,encryptPassword
FNF:1
FNH:0
FNDA:0,encryptPassword
DA:1,2
DA:3,2
DA:19,2
LF:3
LH:3
BRF:0
BRH:0
end_of_record
TN:
SF:test\cars\mockData.ts
FNF:0
FNH:0
DA:1,1
LF:1
LH:1
BRF:0
BRH:0
end_of_record
